---------------------------
Resource path "src/app/page.tsx" need to be on project filesystem ""

Debug info:
- Execution of hmr_update_with_issues_operation failed
- Execution of PlainIssue::from_issue failed
- Execution of PlainSource::from_source failed
- Execution of <WebpackLoadersProcessedAsset as Asset>::content failed
- Execution of WebpackLoadersProcessedAsset::process failed
- Resource path "src/app/page.tsx" need to be on project filesystem ""
---------------------------
Resource path "src/app/page.tsx" need to be on project filesystem ""

Debug info:
- Execution of hmr_update_with_issues_operation failed
- Execution of PlainIssue::from_issue failed
- Execution of PlainSource::from_source failed
- Execution of <WebpackLoadersProcessedAsset as Asset>::content failed
- Execution of WebpackLoadersProcessedAsset::process failed
- Resource path "src/app/page.tsx" need to be on project filesystem ""
---------------------------
Resource path "src/app/page.tsx" need to be on project filesystem ""

Debug info:
- Execution of hmr_update_with_issues_operation failed
- Execution of PlainIssue::from_issue failed
- Execution of PlainSource::from_source failed
- Execution of <WebpackLoadersProcessedAsset as Asset>::content failed
- Execution of WebpackLoadersProcessedAsset::process failed
- Resource path "src/app/page.tsx" need to be on project filesystem ""
---------------------------
Resource path "src/app/page.tsx" need to be on project filesystem ""

Debug info:
- Execution of hmr_update_with_issues_operation failed
- Execution of PlainIssue::from_issue failed
- Execution of PlainSource::from_source failed
- Execution of <WebpackLoadersProcessedAsset as Asset>::content failed
- Execution of WebpackLoadersProcessedAsset::process failed
- Resource path "src/app/page.tsx" need to be on project filesystem ""
---------------------------
Resource path "src/app/page.tsx" need to be on project filesystem ""

Debug info:
- Execution of hmr_update_with_issues_operation failed
- Execution of PlainIssue::from_issue failed
- Execution of PlainSource::from_source failed
- Execution of <WebpackLoadersProcessedAsset as Asset>::content failed
- Execution of WebpackLoadersProcessedAsset::process failed
- Resource path "src/app/page.tsx" need to be on project filesystem ""
---------------------------
Resource path "src/app/page.tsx" need to be on project filesystem ""

Debug info:
- Execution of hmr_update_with_issues_operation failed
- Execution of PlainIssue::from_issue failed
- Execution of PlainSource::from_source failed
- Execution of <WebpackLoadersProcessedAsset as Asset>::content failed
- Execution of WebpackLoadersProcessedAsset::process failed
- Resource path "src/app/page.tsx" need to be on project filesystem ""
---------------------------
Resource path "src/app/page.tsx" need to be on project filesystem ""

Debug info:
- Execution of hmr_update_with_issues_operation failed
- Execution of PlainIssue::from_issue failed
- Execution of PlainSource::from_source failed
- Execution of <WebpackLoadersProcessedAsset as Asset>::content failed
- Execution of WebpackLoadersProcessedAsset::process failed
- Resource path "src/app/page.tsx" need to be on project filesystem ""
---------------------------
Resource path "src/app/page.tsx" need to be on project filesystem ""

Debug info:
- Execution of hmr_update_with_issues_operation failed
- Execution of PlainIssue::from_issue failed
- Execution of PlainSource::from_source failed
- Execution of <WebpackLoadersProcessedAsset as Asset>::content failed
- Execution of WebpackLoadersProcessedAsset::process failed
- Resource path "src/app/page.tsx" need to be on project filesystem ""
---------------------------
Resource path "src/app/page.tsx" need to be on project filesystem ""

Debug info:
- Execution of hmr_update_with_issues_operation failed
- Execution of PlainIssue::from_issue failed
- Execution of PlainSource::from_source failed
- Execution of <WebpackLoadersProcessedAsset as Asset>::content failed
- Execution of WebpackLoadersProcessedAsset::process failed
- Resource path "src/app/page.tsx" need to be on project filesystem ""
---------------------------
Resource path "src/app/page.tsx" need to be on project filesystem ""

Debug info:
- Execution of hmr_update_with_issues_operation failed
- Execution of PlainIssue::from_issue failed
- Execution of PlainSource::from_source failed
- Execution of <WebpackLoadersProcessedAsset as Asset>::content failed
- Execution of WebpackLoadersProcessedAsset::process failed
- Resource path "src/app/page.tsx" need to be on project filesystem ""
---------------------------
Resource path "src/app/page.tsx" need to be on project filesystem ""

Debug info:
- Execution of hmr_update_with_issues_operation failed
- Execution of PlainIssue::from_issue failed
- Execution of PlainSource::from_source failed
- Execution of <WebpackLoadersProcessedAsset as Asset>::content failed
- Execution of WebpackLoadersProcessedAsset::process failed
- Resource path "src/app/page.tsx" need to be on project filesystem ""
---------------------------
Resource path "src/app/page.tsx" need to be on project filesystem ""

Debug info:
- Execution of hmr_update_with_issues_operation failed
- Execution of PlainIssue::from_issue failed
- Execution of PlainSource::from_source failed
- Execution of <WebpackLoadersProcessedAsset as Asset>::content failed
- Execution of WebpackLoadersProcessedAsset::process failed
- Resource path "src/app/page.tsx" need to be on project filesystem ""
---------------------------
Resource path "src/app/page.tsx" need to be on project filesystem ""

Debug info:
- Execution of hmr_update_with_issues_operation failed
- Execution of PlainIssue::from_issue failed
- Execution of PlainSource::from_source failed
- Execution of <WebpackLoadersProcessedAsset as Asset>::content failed
- Execution of WebpackLoadersProcessedAsset::process failed
- Resource path "src/app/page.tsx" need to be on project filesystem ""

